Arguments: 
  C:\Program Files\nodejs\node.exe C:\Program Files\nodejs\node_modules\.yarn_npminstall\node_modules\.0.24.5@yarn\bin\yarn.js add babel-plugin-import --dev

PATH: 
  C:\Users\mi\bin;C:\Program Files\Git\mingw64\bin;C:\Program Files\Git\usr\local\bin;C:\Program Files\Git\usr\bin;C:\Program Files\Git\usr\bin;C:\Program Files\Git\mingw64\bin;C:\Program Files\Git\usr\bin;C:\Users\mi\bin;C:\Program Files\Docker\Docker\Resources\bin;C:\Program Files (x86)\Common Files\NetSarang;C:\ProgramData\Oracle\Java\javapath;C:\Program Files (x86)\Intel\iCLS Client;C:\Program Files\Intel\iCLS Client;C:\Windows\system32;C:\Windows;C:\Windows\System32\Wbem;C:\Windows\System32\WindowsPowerShell\v1.0;C:\Program Files (x86)\Intel\Intel(R) Management Engine Components\DAL;C:\Program Files\Intel\Intel(R) Management Engine Components\DAL;C:\Program Files (x86)\Intel\Intel(R) Management Engine Components\IPT;C:\Program Files\Intel\Intel(R) Management Engine Components\IPT;C:\Program Files (x86)\NVIDIA Corporation\PhysX\Common;C:\Program Files\Git\cmd;C:\WINDOWS\system32;C:\WINDOWS;C:\WINDOWS\System32\Wbem;C:\WINDOWS\System32\WindowsPowerShell\v1.0;C:\Program Files (x86)\Autodesk\Backburner;C:\Program Files\Common Files\Autodesk Shared;D:\HashiCorp\Vagrant\bin;C:\Program Files (x86)\GtkSharp\2.12\bin;C:\Program Files\nodejs;C:\Program Files (x86)\Yarn\bin;C:\Ruby23-x64\bin;C:\Users\mi\AppData\Local\Microsoft\WindowsApps;C:\Program Files (x86)\Microsoft VS Code\bin;C:\Users\mi\AppData\Roaming\npm;C:\Users\mi\AppData\Local\Yarn\bin;C:\Program Files\Git\usr\bin\vendor_perl;C:\Program Files\Git\usr\bin\core_perl

Yarn version: 
  0.24.5

Node version: 
  6.11.0

Platform: 
  win32 x64

npm manifest: 
  {
    "name": "demo",
    "version": "1.0.0",
    "description": "",
    "main": "index.js",
    "scripts": {
      "start": "webpack-dev-server --progress"
    },
    "author": "",
    "license": "ISC",
    "devDependencies": {
      "autoprefixer": "^6.5.1",
      "babel-core": "^6.18.0",
      "babel-loader": "^6.2.5",
      "babel-plugin-react-transform": "^2.0.2",
      "babel-preset-es2015": "^6.18.0",
      "babel-preset-react": "^6.16.0",
      "babel-preset-stage-0": "~6.5.0",
      "css-loader": "^0.25.0",
      "extract-text-webpack-plugin": "^1.0.1",
      "file-loader": "^0.9.0",
      "html-webpack-plugin": "^2.24.0",
      "json-loader": "^0.5.4",
      "postcss-loader": "^1.0.0",
      "react": "^15.3.2",
      "react-addons-css-transition-group": "^15.3.2",
      "style-loader": "^0.13.1",
      "url-loader": "^0.5.7",
      "webpack": "^1.13.2",
      "webpack-dev-server": "^1.16.2"
    },
    "dependencies": {
      "antd": "^2.11.2",
      "bootstrap": "^3.3.7",
      "faker": "^4.1.0",
      "react": "^15.6.1",
      "react-addons-update": "^15.6.0",
      "react-bootstrap": "^0.31.0",
      "react-data-grid": "^2.0.49",
      "react-data-grid-addons": "^2.0.49",
      "react-dom": "^15.6.1",
      "react-motion": "^0.4.5",
      "react-router": "^3.0.0"
    }
  }

yarn manifest: 
  No manifest

Lockfile: 
  No lockfile

Trace: 
  Error: EEXIST: file already exists, mkdir 'D:\2017\ET-react-excel\node_modules\babel-core'
      at Error (native)
